<?xml version="1.0" encoding="UTF-8"?>
<coverage generated="1467972510007" clover="3.2.0">
	<project timestamp="1467972510007"  name="All Files" >
		<metrics statements="21"  coveredstatements="20"  conditionals="8"  coveredconditionals="8"  methods="5"  coveredmethods="4"  elements="34"  coveredelements="32"  complexity="0"  packages="1"  files="3"  classes="3"  loc="101"  ncloc="101" />
		<package name="components" >
			<metrics statements="21"  coveredstatements="20"  conditionals="8"  coveredconditionals="8"  methods="5"  coveredmethods="4" />
			<file name="RefreshButton.js"  path="/home/ppmiron/Desktop/reactGithubRepos/src/components/RefreshButton.js" >
				<metrics statements="5"  coveredstatements="5"  conditionals="0"  coveredconditionals="0"  methods="2"  coveredmethods="2" />
				<line num="10"  count="1"  type="stmt" />
				<line num="12"  count="1"  type="stmt" />
				<line num="15"  count="1"  type="stmt" />
				<line num="20"  count="1"  type="stmt" />
				<line num="28"  count="1"  type="stmt" />
			</file>
			<file name="RepoList.js"  path="/home/ppmiron/Desktop/reactGithubRepos/src/components/RepoList.js" >
				<metrics statements="12"  coveredstatements="12"  conditionals="8"  coveredconditionals="8"  methods="2"  coveredmethods="2" />
				<line num="10"  count="1"  type="stmt" />
				<line num="11"  count="1"  type="stmt" />
				<line num="13"  count="1"  type="stmt" />
				<line num="15"  count="4"  type="cond"  truecount="2"  falsecount="0" />
				<line num="16"  count="1"  type="stmt" />
				<line num="20"  count="3"  type="cond"  truecount="2"  falsecount="0" />
				<line num="21"  count="1"  type="stmt" />
				<line num="24"  count="2"  type="cond"  truecount="4"  falsecount="0" />
				<line num="25"  count="1"  type="stmt" />
				<line num="32"  count="1"  type="stmt" />
				<line num="37"  count="3"  type="stmt" />
				<line num="47"  count="1"  type="stmt" />
			</file>
			<file name="SpinnerWave.js"  path="/home/ppmiron/Desktop/reactGithubRepos/src/components/SpinnerWave.js" >
				<metrics statements="4"  coveredstatements="3"  conditionals="0"  coveredconditionals="0"  methods="1"  coveredmethods="0" />
				<line num="9"  count="1"  type="stmt" />
				<line num="11"  count="1"  type="stmt" />
				<line num="14"  count="0"  type="stmt" />
				<line num="26"  count="1"  type="stmt" />
			</file>
		</package>
	</project>
</coverage>
