{
"/home/ppmiron/Desktop/reactGithubRepos/src/components/RefreshButton.js":{"path":"/home/ppmiron/Desktop/reactGithubRepos/src/components/RefreshButton.js","s":{"1":1,"2":1,"3":1,"4":1,"5":1},"b":{},"f":{"1":1,"2":1},"fnMap":{"1":{"name":"onRefreshRequest","line":14,"loc":{"start":{"line":14,"column":20},"end":{"line":14,"column":74}}},"2":{"name":"render","line":19,"loc":{"start":{"line":19,"column":10},"end":{"line":19,"column":54}}}},"statementMap":{"1":{"start":{"line":10,"column":0},"end":{"line":10,"column":29},"skip":true},"2":{"start":{"line":12,"column":0},"end":{"line":21,"column":231}},"3":{"start":{"line":15,"column":4},"end":{"line":15,"column":32}},"4":{"start":{"line":20,"column":4},"end":{"line":21,"column":226}},"5":{"start":{"line":28,"column":0},"end":{"line":28,"column":31},"skip":true}},"branchMap":{},"l":{"10":1,"12":1,"15":1,"20":1,"28":1}},
"/home/ppmiron/Desktop/reactGithubRepos/src/components/RepoList.js":{"path":"/home/ppmiron/Desktop/reactGithubRepos/src/components/RepoList.js","s":{"1":1,"2":1,"3":1,"4":4,"5":1,"6":3,"7":1,"8":2,"9":1,"10":1,"11":3,"12":1},"b":{"1":[1,3],"2":[1,2],"3":[1,1],"4":[2,1]},"f":{"1":4,"2":3},"fnMap":{"1":{"name":"RepoList","line":13,"loc":{"start":{"line":13,"column":15},"end":{"line":13,"column":40}}},"2":{"name":"(anonymous_2)","line":36,"loc":{"start":{"line":36,"column":29},"end":{"line":36,"column":48}},"skip":true}},"statementMap":{"1":{"start":{"line":10,"column":0},"end":{"line":10,"column":29},"skip":true},"2":{"start":{"line":11,"column":0},"end":{"line":11,"column":43}},"3":{"start":{"line":13,"column":0},"end":{"line":39,"column":139}},"4":{"start":{"line":15,"column":2},"end":{"line":16,"column":201}},"5":{"start":{"line":16,"column":4},"end":{"line":16,"column":200}},"6":{"start":{"line":20,"column":2},"end":{"line":21,"column":187},"skip":true},"7":{"start":{"line":21,"column":4},"end":{"line":21,"column":186},"skip":true},"8":{"start":{"line":24,"column":2},"end":{"line":27,"column":100},"skip":true},"9":{"start":{"line":25,"column":4},"end":{"line":27,"column":99},"skip":true},"10":{"start":{"line":32,"column":2},"end":{"line":39,"column":137},"skip":true},"11":{"start":{"line":37,"column":6},"end":{"line":39,"column":132},"skip":true},"12":{"start":{"line":47,"column":0},"end":{"line":47,"column":26}}},"branchMap":{"1":{"line":15,"type":"if","locations":[{"start":{"line":15,"column":2},"end":{"line":15,"column":2}},{"start":{"line":15,"column":2},"end":{"line":15,"column":2}}]},"2":{"line":20,"type":"if","locations":[{"start":{"line":20,"column":2},"end":{"line":20,"column":2},"skip":true},{"start":{"line":20,"column":2},"end":{"line":20,"column":2},"skip":true}]},"3":{"line":24,"type":"if","locations":[{"start":{"line":24,"column":2},"end":{"line":24,"column":2},"skip":true},{"start":{"line":24,"column":2},"end":{"line":24,"column":2},"skip":true}]},"4":{"line":24,"type":"binary-expr","locations":[{"start":{"line":24,"column":6},"end":{"line":24,"column":39},"skip":true},{"start":{"line":24,"column":43},"end":{"line":24,"column":56},"skip":true}]}},"l":{"10":1,"11":1,"13":1,"15":4,"16":1,"20":3,"21":1,"24":2,"25":1,"32":1,"37":3,"47":1}},
"/home/ppmiron/Desktop/reactGithubRepos/src/components/SpinnerWave.js":{"path":"/home/ppmiron/Desktop/reactGithubRepos/src/components/SpinnerWave.js","s":{"1":1,"2":1,"3":0,"4":1},"b":{},"f":{"1":0},"fnMap":{"1":{"name":"render","line":13,"loc":{"start":{"line":13,"column":10},"end":{"line":13,"column":54}}}},"statementMap":{"1":{"start":{"line":9,"column":0},"end":{"line":9,"column":29},"skip":true},"2":{"start":{"line":11,"column":0},"end":{"line":20,"column":154}},"3":{"start":{"line":14,"column":4},"end":{"line":20,"column":149}},"4":{"start":{"line":26,"column":0},"end":{"line":26,"column":29}}},"branchMap":{},"l":{"9":1,"11":1,"14":0,"26":1}}}
