TN:
SF:/home/ppmiron/Desktop/reactGithubRepos/src/components/RefreshButton.js
FN:14,onRefreshRequest
FN:19,render
FNF:2
FNH:2
FNDA:1,onRefreshRequest
FNDA:1,render
DA:10,1
DA:12,1
DA:15,1
DA:20,1
DA:28,1
LF:5
LH:5
BRF:0
BRH:0
end_of_record
TN:
SF:/home/ppmiron/Desktop/reactGithubRepos/src/components/RepoList.js
FN:13,RepoList
FN:36,(anonymous_2)
FNF:2
FNH:2
FNDA:4,RepoList
FNDA:3,(anonymous_2)
DA:10,1
DA:11,1
DA:13,1
DA:15,4
DA:16,1
DA:20,3
DA:21,1
DA:24,2
DA:25,1
DA:32,1
DA:37,3
DA:47,1
LF:12
LH:12
BRDA:15,1,0,1
BRDA:15,1,1,3
BRDA:20,2,0,1
BRDA:20,2,1,2
BRDA:24,3,0,1
BRDA:24,3,1,1
BRDA:24,4,0,2
BRDA:24,4,1,1
BRF:8
BRH:8
end_of_record
TN:
SF:/home/ppmiron/Desktop/reactGithubRepos/src/components/SpinnerWave.js
FN:13,render
FNF:1
FNH:0
FNDA:0,render
DA:9,1
DA:11,1
DA:14,0
DA:26,1
LF:4
LH:3
BRF:0
BRH:0
end_of_record
